<?xml version="1.0" encoding="UTF-8"?>
<testsuite xmlns:xsi="http://www.w3.org/2001/XMLSchema-instance" xsi:noNamespaceSchemaLocation="https://maven.apache.org/surefire/maven-surefire-plugin/xsd/surefire-test-report.xsd" name="controller.SearchHistoryTest" time="0.131" tests="9" errors="0" skipped="0" failures="0">
  <properties>
[...]
</properties>
  <testcase name="searchHistorySetMovie_IDTest_happyPath" classname="controller.SearchHistoryTest" time="0"/>
  <testcase name="searchHistorySetIDTest_happyPath" classname="controller.SearchHistoryTest" time="0"/>
  <testcase name="searchHistoryEquals_and_hashCodeTest_notEquals_happyPath" classname="controller.SearchHistoryTest" time="0"/>
  <testcase name="searchHistorySetUsernameTest_happyPath" classname="controller.SearchHistoryTest" time="0"/>
  <testcase name="searchHistoryConstructor_andSearchHistoryGetTest_happyPath" classname="controller.SearchHistoryTest" time="0"/>
  <testcase name="searchHistorySetGenre_IDTest_happyPath" classname="controller.SearchHistoryTest" time="0"/>
  <testcase name="searchHistorySetMovie_titleTest_happyPath" classname="controller.SearchHistoryTest" time="0"/>
  <testcase name="searchHistoryEquals_and_hashCodeTest_happyPath" classname="controller.SearchHistoryTest" time="0"/>
  <testcase name="searchHistoryToStringTest_happyPath" classname="controller.SearchHistoryTest" time="0"/>
</testsuite>